<?xml version="1.0" encoding="UTF-8"?>
<!-- Generated by org.testng.reporters.JUnitXMLReporter -->
<testsuite ignored="4" hostname="DESKTOP-H3SNJHA" failures="0" tests="1" name="Default test" time="113.617" errors="0" timestamp="2021-04-19T17:13:50 IST">
  <testcase classname="com.demo.shop.SymbionShopDemo" name="order_reference" time="77.623"/>
  <testcase classname="com.demo.shop.SymbionShopDemo" name="view_and_placeorder" time="0.0">
    <ignored/>
  </testcase> <!-- view_and_placeorder -->
  <testcase classname="com.demo.shop.SymbionShopDemo" name="adding_products_to_cart" time="0.0">
    <ignored/>
  </testcase> <!-- adding_products_to_cart -->
  <testcase classname="com.demo.shop.SymbionShopDemo" name="product_Search" time="0.0">
    <ignored/>
  </testcase> <!-- product_Search -->
  <testcase classname="com.demo.shop.SymbionShopDemo" name="login" time="0.0">
    <ignored/>
  </testcase> <!-- login -->
</testsuite> <!-- Default test -->
